TN:
SF:/Users/hugo/Projects/rust/hugovte/crates/vte-ansi/src/color.rs
FN:11,<impl Default for Color>::default
FN:22,<impl Display for Color>::fmt
FN:32,Color::rgba
FN:35,Color::rgb
FNF:4
FNDA:196,<impl Default for Color>::default
FNDA:0,<impl Display for Color>::fmt
FNDA:12,Color::rgba
FNDA:113,Color::rgb
DA:11,196
DA:22,0
DA:23,0
DA:24,0
DA:32,12
DA:35,113
LF:6
LH:3
end_of_record
TN:
SF:/Users/hugo/Projects/rust/hugovte/crates/vte-ansi/src/grid.rs
FN:53,AnsiGrid::set_title
FN:60,AnsiGrid::clear_screen_down
FN:61,AnsiGrid::clear_screen_up
FN:62,AnsiGrid::clear_line_right
FN:63,AnsiGrid::clear_line_left
FN:64,AnsiGrid::save_cursor
FN:65,AnsiGrid::restore_cursor
FN:66,AnsiGrid::set_cursor_visible
FN:69,AnsiGrid::scroll_up
FN:70,AnsiGrid::scroll_down
FN:73,AnsiGrid::insert_lines
FN:74,AnsiGrid::delete_lines
FN:77,AnsiGrid::insert_chars
FN:78,AnsiGrid::delete_chars
FN:79,AnsiGrid::erase_chars
FN:82,AnsiGrid::use_alternate_screen
FN:85,AnsiGrid::set_insert_mode
FN:86,AnsiGrid::set_auto_wrap
FN:89,AnsiGrid::set_application_cursor_keys
FN:90,AnsiGrid::set_mouse_reporting_mode
FN:91,AnsiGrid::set_focus_reporting
FN:94,AnsiGrid::set_current_directory
FN:95,AnsiGrid::handle_clipboard_data
FN:96,AnsiGrid::handle_hyperlink
FN:99,AnsiGrid::set_bracketed_paste_mode
FN:102,AnsiGrid::set_synchronized_output
FN:105,AnsiGrid::set_keypad_mode
FNF:27
FNDA:2,AnsiGrid::set_title
FNDA:2,AnsiGrid::clear_screen_down
FNDA:2,AnsiGrid::clear_screen_up
FNDA:2,AnsiGrid::clear_line_right
FNDA:2,AnsiGrid::clear_line_left
FNDA:2,AnsiGrid::save_cursor
FNDA:2,AnsiGrid::restore_cursor
FNDA:0,AnsiGrid::set_cursor_visible
FNDA:0,AnsiGrid::scroll_up
FNDA:0,AnsiGrid::scroll_down
FNDA:0,AnsiGrid::insert_lines
FNDA:0,AnsiGrid::delete_lines
FNDA:0,AnsiGrid::insert_chars
FNDA:0,AnsiGrid::delete_chars
FNDA:0,AnsiGrid::erase_chars
FNDA:4,AnsiGrid::use_alternate_screen
FNDA:0,AnsiGrid::set_insert_mode
FNDA:0,AnsiGrid::set_auto_wrap
FNDA:0,AnsiGrid::set_application_cursor_keys
FNDA:0,AnsiGrid::set_mouse_reporting_mode
FNDA:0,AnsiGrid::set_focus_reporting
FNDA:0,AnsiGrid::set_current_directory
FNDA:0,AnsiGrid::handle_clipboard_data
FNDA:0,AnsiGrid::handle_hyperlink
FNDA:0,AnsiGrid::set_bracketed_paste_mode
FNDA:0,AnsiGrid::set_synchronized_output
FNDA:0,AnsiGrid::set_keypad_mode
DA:53,2
DA:54,2
DA:60,2
DA:61,2
DA:62,2
DA:63,2
DA:64,2
DA:65,2
DA:66,0
DA:69,0
DA:70,0
DA:73,0
DA:74,0
DA:77,0
DA:78,0
DA:79,0
DA:82,4
DA:85,0
DA:86,0
DA:89,0
DA:90,0
DA:91,0
DA:94,0
DA:95,0
DA:96,0
DA:99,0
DA:102,0
DA:105,0
LF:28
LH:9
end_of_record
TN:
SF:/Users/hugo/Projects/rust/hugovte/crates/vte-ansi/src/parser.rs
FN:20,<impl Display for AnsiError>::fmt
FN:82,ParserStats::reset
FN:88,AnsiParser::new
FN:103,AnsiParser::with_error_callback
FN:112,AnsiParser::stats
FN:117,AnsiParser::reset_stats
FN:122,AnsiParser::report_error
FN:130,AnsiParser::feed_str
FN:135,AnsiParser::feed_bytes
FN:166,AnsiParser::process_char
FN:176,AnsiParser::normal_char
FN:196,AnsiParser::escape_char
FN:257,AnsiParser::csi_char
FN:306,AnsiParser::execute_csi
FN:383,AnsiParser::charset_char
FN:389,AnsiParser::osc_char
FN:414,AnsiParser::finish_osc
FN:438,AnsiParser::handle_clipboard_osc
FN:452,AnsiParser::handle_hyperlink_osc
FN:459,AnsiParser::execute_sgr
FN:529,AnsiParser::get_param
FN:535,ansi_color
FN:542,ansi_bright_color
FN:549,ansi_256_color
FN:569,decode_utf8
FNF:25
FNDA:4,<impl Display for AnsiError>::fmt
FNDA:1,ParserStats::reset
FNDA:71,AnsiParser::new
FNDA:4,AnsiParser::with_error_callback
FNDA:4,AnsiParser::stats
FNDA:1,AnsiParser::reset_stats
FNDA:121,AnsiParser::report_error
FNDA:2207,AnsiParser::feed_str
FNDA:3208,AnsiParser::feed_bytes
FNDA:607091,AnsiParser::process_char
FNDA:594774,AnsiParser::normal_char
FNDA:1240,AnsiParser::escape_char
FNDA:4890,AnsiParser::csi_char
FNDA:1221,AnsiParser::execute_csi
FNDA:0,AnsiParser::charset_char
FNDA:6187,AnsiParser::osc_char
FNDA:3,AnsiParser::finish_osc
FNDA:0,AnsiParser::handle_clipboard_osc
FNDA:0,AnsiParser::handle_hyperlink_osc
FNDA:1112,AnsiParser::execute_sgr
FNDA:62,AnsiParser::get_param
FNDA:1073,ansi_color
FNDA:16,ansi_bright_color
FNDA:15,ansi_256_color
FNDA:7977,decode_utf8
DA:20,4
DA:21,4
DA:22,2
DA:23,3
DA:25,1
DA:26,3
DA:28,1
DA:29,3
DA:31,1
DA:32,3
DA:82,1
DA:83,1
DA:88,71
DA:91,142
DA:93,142
DA:97,71
DA:103,4
DA:107,8
DA:108,4
DA:112,4
DA:113,4
DA:117,1
DA:118,2
DA:122,121
DA:123,121
DA:124,137
DA:125,8
DA:130,2207
DA:131,8828
DA:135,3208
DA:136,6416
DA:137,22370
DA:139,30471
DA:140,26111
DA:141,30471
DA:144,34148
DA:145,234132
DA:146,340167
DA:150,984398
DA:151,1457157
DA:154,10157
DA:155,20314
DA:156,2180
DA:160,31908
DA:161,31908
DA:162,7977
DA:166,607091
DA:167,607091
DA:168,2379096
DA:169,4960
DA:170,19560
DA:171,24748
DA:172,0
DA:176,594774
DA:177,588716
DA:178,1240
DA:179,2072
DA:180,32
DA:181,3818
DA:183,16713
DA:184,22284
DA:185,7428
DA:188,2729503
DA:189,2138940
DA:190,534735
DA:192,53981
DA:196,1240
DA:197,1240
DA:198,1221
DA:199,2442
DA:200,3663
DA:201,2442
DA:202,1221
DA:203,1221
DA:205,6
DA:206,12
DA:207,12
DA:208,6
DA:210,0
DA:212,0
DA:214,2
DA:215,4
DA:216,2
DA:218,1
DA:219,2
DA:220,1
DA:222,0
DA:223,0
DA:224,0
DA:225,0
DA:227,0
DA:228,0
DA:229,0
DA:231,0
DA:232,0
DA:233,0
DA:234,0
DA:236,0
DA:237,0
DA:238,0
DA:240,1
DA:241,2
DA:242,1
DA:244,1
DA:245,2
DA:246,1
DA:248,8
DA:249,24
DA:250,8
DA:252,8
DA:257,4890
DA:258,4890
DA:259,4890
DA:260,6382
DA:261,3191
DA:263,12764
DA:265,3294
DA:266,309
DA:267,103
DA:269,3088
DA:273,439
DA:274,126
DA:275,14
DA:276,21
DA:277,28
DA:278,7
DA:282,640
DA:284,439
DA:286,39
DA:288,1221
DA:289,1338
DA:291,2422
DA:294,1221
DA:295,3663
DA:297,4884
DA:298,1221
DA:299,2442
DA:300,1221
DA:301,1221
DA:306,1221
DA:307,23
DA:308,0
DA:309,0
DA:310,4
DA:311,4
DA:312,6
DA:313,30
DA:314,30
DA:315,18
DA:317,6
DA:318,2
DA:319,2
DA:320,8
DA:321,0
DA:323,3
DA:324,2
DA:325,2
DA:326,2
DA:327,0
DA:329,32
DA:330,20
DA:331,28
DA:332,20
DA:333,32
DA:334,3336
DA:335,20
DA:336,20
DA:337,4
DA:338,4
DA:339,2
DA:340,12
DA:341,6
DA:342,4
DA:343,2
DA:344,2
DA:345,2
DA:346,2
DA:347,0
DA:350,19
DA:351,19
DA:352,2
DA:353,6
DA:354,2
DA:355,12
DA:356,6
DA:357,2
DA:358,2
DA:359,2
DA:360,2
DA:361,2
DA:362,0
DA:366,6
DA:367,3
DA:371,4
DA:372,2
DA:375,12
DA:376,12
DA:377,8
DA:378,8
DA:379,1
DA:383,0
DA:386,0
DA:389,6187
DA:390,6187
DA:391,9
DA:392,3
DA:393,3
DA:395,18552
DA:397,6184
DA:398,2
DA:399,2
DA:401,0
DA:402,0
DA:403,0
DA:405,6184
DA:406,1
DA:407,6185
DA:408,4
DA:410,12360
DA:414,3
DA:415,9
DA:416,9
DA:417,3
DA:418,6
DA:419,6
DA:421,0
DA:422,0
DA:424,0
DA:425,0
DA:427,0
DA:428,0
DA:430,0
DA:433,3
DA:434,6
DA:435,3
DA:438,0
DA:439,0
DA:440,0
DA:441,0
DA:442,0
DA:443,0
DA:444,0
DA:452,0
DA:453,0
DA:454,0
DA:455,0
DA:459,1112
DA:460,2224
DA:461,0
DA:462,0
DA:464,2224
DA:465,4982
DA:466,2758
DA:467,1379
DA:468,116
DA:469,44
DA:470,22
DA:471,24
DA:472,24
DA:473,8
DA:474,24
DA:475,8
DA:477,16
DA:478,16
DA:479,5256
DA:481,28
DA:482,14
DA:483,43
DA:484,24
DA:485,32
DA:486,8
DA:488,5
DA:489,30
DA:490,30
DA:491,30
DA:492,30
DA:493,5
DA:495,1
DA:499,3
DA:500,40
DA:502,6
DA:503,3
DA:504,10
DA:505,6
DA:506,8
DA:507,2
DA:509,1
DA:510,6
DA:511,6
DA:512,6
DA:513,6
DA:514,1
DA:516,0
DA:520,3
DA:521,26
DA:522,18
DA:523,160
DA:525,1379
DA:529,62
DA:530,248
DA:535,1073
DA:536,1073
DA:537,2146
DA:542,16
DA:543,16
DA:544,32
DA:549,15
DA:550,15
DA:551,17
DA:552,16
DA:553,13
DA:554,18
DA:555,18
DA:556,18
DA:557,18
DA:558,36
DA:560,4
DA:561,6
DA:562,12
DA:564,1
DA:569,7977
DA:570,7977
DA:571,2292
DA:572,9168
DA:573,4584
DA:575,5685
DA:576,17055
DA:577,34110
DA:578,5685
LF:329
LH:280
end_of_record
TN:
SF:/Users/hugo/Projects/rust/hugovte/crates/vte-ansi/tests/ansi_integration_tests.rs
FN:24,TestGrid::new
FN:41,TestGrid::get_cell
FN:47,<impl AnsiGrid for TestGrid>::put
FN:63,<impl AnsiGrid for TestGrid>::advance
FN:64,<impl AnsiGrid for TestGrid>::left
FN:65,<impl AnsiGrid for TestGrid>::right
FN:66,<impl AnsiGrid for TestGrid>::up
FN:67,<impl AnsiGrid for TestGrid>::down
FN:68,<impl AnsiGrid for TestGrid>::newline
FN:69,<impl AnsiGrid for TestGrid>::carriage_return
FN:70,<impl AnsiGrid for TestGrid>::backspace
FN:71,<impl AnsiGrid for TestGrid>::move_rel
FN:75,<impl AnsiGrid for TestGrid>::move_abs
FN:79,<impl AnsiGrid for TestGrid>::clear_screen
FN:83,<impl AnsiGrid for TestGrid>::clear_line
FN:84,<impl AnsiGrid for TestGrid>::reset_attrs
FN:92,<impl AnsiGrid for TestGrid>::set_bold
FN:93,<impl AnsiGrid for TestGrid>::set_italic
FN:94,<impl AnsiGrid for TestGrid>::set_underline
FN:95,<impl AnsiGrid for TestGrid>::set_dim
FN:96,<impl AnsiGrid for TestGrid>::set_fg
FN:97,<impl AnsiGrid for TestGrid>::set_bg
FN:98,<impl AnsiGrid for TestGrid>::get_fg
FN:99,<impl AnsiGrid for TestGrid>::get_bg
FNF:24
FNDA:15,TestGrid::new
FNDA:1,TestGrid::get_cell
FNDA:81780,<impl AnsiGrid for TestGrid>::put
FNDA:245340,<impl AnsiGrid for TestGrid>::advance
FNDA:4,<impl AnsiGrid for TestGrid>::left
FNDA:3,<impl AnsiGrid for TestGrid>::right
FNDA:0,<impl AnsiGrid for TestGrid>::up
FNDA:0,<impl AnsiGrid for TestGrid>::down
FNDA:6132,<impl AnsiGrid for TestGrid>::newline
FNDA:36,<impl AnsiGrid for TestGrid>::carriage_return
FNDA:3,<impl AnsiGrid for TestGrid>::backspace
FNDA:0,<impl AnsiGrid for TestGrid>::move_rel
FNDA:2,<impl AnsiGrid for TestGrid>::move_abs
FNDA:2,<impl AnsiGrid for TestGrid>::clear_screen
FNDA:0,<impl AnsiGrid for TestGrid>::clear_line
FNDA:31,<impl AnsiGrid for TestGrid>::reset_attrs
FNDA:18,<impl AnsiGrid for TestGrid>::set_bold
FNDA:0,<impl AnsiGrid for TestGrid>::set_italic
FNDA:0,<impl AnsiGrid for TestGrid>::set_underline
FNDA:0,<impl AnsiGrid for TestGrid>::set_dim
FNDA:3063,<impl AnsiGrid for TestGrid>::set_fg
FNDA:0,<impl AnsiGrid for TestGrid>::set_bg
FNDA:0,<impl AnsiGrid for TestGrid>::get_fg
FNDA:0,<impl AnsiGrid for TestGrid>::get_bg
DA:24,15
DA:26,30
DA:27,60
DA:32,15
DA:33,15
DA:41,1
DA:42,2
DA:47,81780
DA:48,88412
DA:49,8568
DA:50,5712
DA:51,5712
DA:52,5712
DA:53,5712
DA:54,5712
DA:55,5712
DA:56,2856
DA:57,2856
DA:60,245340
DA:63,245340
DA:64,4
DA:65,3
DA:66,0
DA:67,0
DA:68,6132
DA:69,36
DA:70,3
DA:71,0
DA:72,0
DA:73,0
DA:75,2
DA:76,2
DA:77,2
DA:79,2
DA:80,4
DA:81,6
DA:83,0
DA:84,31
DA:85,31
DA:86,31
DA:87,31
DA:88,31
DA:89,31
DA:90,31
DA:92,18
DA:93,0
DA:94,0
DA:95,0
DA:96,3063
DA:97,0
DA:98,0
DA:99,0
LF:52
LH:40
end_of_record
TN:
SF:/Users/hugo/Projects/rust/hugovte/crates/vte-core/src/drawing.rs
FN:12,<impl Hash for FontKey>::hash
FNF:1
FNDA:0,<impl Hash for FontKey>::hash
DA:12,0
DA:13,0
DA:14,0
LF:3
LH:0
end_of_record
TN:
SF:/Users/hugo/Projects/rust/hugovte/crates/vte-core/src/input.rs
FNF:0
DA:143,0
DA:144,0
DA:145,0
DA:146,0
DA:147,0
DA:148,0
DA:149,0
DA:151,0
DA:153,0
DA:157,0
DA:158,0
LF:11
LH:0
end_of_record
